;  LST file generated by mikroListExporter - v.2.0 
; Date/Time: 12-01-2019 10:56:11
;----------------------------------------------

;Address Opcode 	ASM
0x0000	0x2808      	GOTO       8
_init:
;feu_rouge.c,1 :: 		void init(){
;feu_rouge.c,2 :: 		TRISA.RA1=1;TRISA.RA3=1;
0x0003	0x1683      	BSF        STATUS, 5
0x0004	0x1485      	BSF        TRISA, 1
0x0005	0x1585      	BSF        TRISA, 3
;feu_rouge.c,3 :: 		TRISB=0;
0x0006	0x0186      	CLRF       TRISB
;feu_rouge.c,4 :: 		}
L_end_init:
0x0007	0x0008      	RETURN
; end of _init
_main:
;feu_rouge.c,5 :: 		void main() {
;feu_rouge.c,6 :: 		init();
0x0008	0x2003      	CALL       _init
;feu_rouge.c,7 :: 		portb=0;
0x0009	0x1283      	BCF        STATUS, 5
0x000A	0x0186      	CLRF       PORTB
;feu_rouge.c,8 :: 		A:if (porta.ra1==1)     //la nuit
___main_A:
0x000B	0x1C85      	BTFSS      PORTA, 1
0x000C	0x282C      	GOTO       L_main0
;feu_rouge.c,10 :: 		PORTb.rb4=1;
0x000D	0x1606      	BSF        PORTB, 4
;feu_rouge.c,11 :: 		delay_ms(500);
0x000E	0x3006      	MOVLW      6
0x000F	0x00CB      	MOVWF      R11
0x0010	0x3013      	MOVLW      19
0x0011	0x00CC      	MOVWF      R12
0x0012	0x30AD      	MOVLW      173
0x0013	0x00CD      	MOVWF      R13
L_main1:
0x0014	0x0BCD      	DECFSZ     R13, 1
0x0015	0x2814      	GOTO       L_main1
0x0016	0x0BCC      	DECFSZ     R12, 1
0x0017	0x2814      	GOTO       L_main1
0x0018	0x0BCB      	DECFSZ     R11, 1
0x0019	0x2814      	GOTO       L_main1
0x001A	0x0000      	NOP
0x001B	0x0000      	NOP
;feu_rouge.c,12 :: 		portb.rb4=0;
0x001C	0x1206      	BCF        PORTB, 4
;feu_rouge.c,13 :: 		delay_ms(500);
0x001D	0x3006      	MOVLW      6
0x001E	0x00CB      	MOVWF      R11
0x001F	0x3013      	MOVLW      19
0x0020	0x00CC      	MOVWF      R12
0x0021	0x30AD      	MOVLW      173
0x0022	0x00CD      	MOVWF      R13
L_main2:
0x0023	0x0BCD      	DECFSZ     R13, 1
0x0024	0x2823      	GOTO       L_main2
0x0025	0x0BCC      	DECFSZ     R12, 1
0x0026	0x2823      	GOTO       L_main2
0x0027	0x0BCB      	DECFSZ     R11, 1
0x0028	0x2823      	GOTO       L_main2
0x0029	0x0000      	NOP
0x002A	0x0000      	NOP
;feu_rouge.c,14 :: 		}
0x002B	0x2861      	GOTO       L_main3
L_main0:
;feu_rouge.c,15 :: 		else if(porta.ra3==1)    //le joure
0x002C	0x1D85      	BTFSS      PORTA, 3
0x002D	0x2861      	GOTO       L_main4
;feu_rouge.c,17 :: 		portb.rb0=1;delay_ms(37000);portb.RB0=0; //vert =37 s
0x002E	0x1406      	BSF        PORTB, 0
0x002F	0x3002      	MOVLW      2
0x0030	0x00CA      	MOVWF      R10
0x0031	0x3078      	MOVLW      120
0x0032	0x00CB      	MOVWF      R11
0x0033	0x3067      	MOVLW      103
0x0034	0x00CC      	MOVWF      R12
0x0035	0x30E7      	MOVLW      231
0x0036	0x00CD      	MOVWF      R13
L_main5:
0x0037	0x0BCD      	DECFSZ     R13, 1
0x0038	0x2837      	GOTO       L_main5
0x0039	0x0BCC      	DECFSZ     R12, 1
0x003A	0x2837      	GOTO       L_main5
0x003B	0x0BCB      	DECFSZ     R11, 1
0x003C	0x2837      	GOTO       L_main5
0x003D	0x0BCA      	DECFSZ     R10, 1
0x003E	0x2837      	GOTO       L_main5
0x003F	0x0000      	NOP
0x0040	0x0000      	NOP
0x0041	0x1006      	BCF        PORTB, 0
;feu_rouge.c,18 :: 		portb.rb4=1;delay_ms(5000);portb.RB4=0; //orange =5 s
0x0042	0x1606      	BSF        PORTB, 4
0x0043	0x3033      	MOVLW      51
0x0044	0x00CB      	MOVWF      R11
0x0045	0x30BB      	MOVLW      187
0x0046	0x00CC      	MOVWF      R12
0x0047	0x30DF      	MOVLW      223
0x0048	0x00CD      	MOVWF      R13
L_main6:
0x0049	0x0BCD      	DECFSZ     R13, 1
0x004A	0x2849      	GOTO       L_main6
0x004B	0x0BCC      	DECFSZ     R12, 1
0x004C	0x2849      	GOTO       L_main6
0x004D	0x0BCB      	DECFSZ     R11, 1
0x004E	0x2849      	GOTO       L_main6
0x004F	0x0000      	NOP
0x0050	0x0000      	NOP
0x0051	0x1206      	BCF        PORTB, 4
;feu_rouge.c,19 :: 		portb.rb7=1;delay_ms(13000);portb.rb7=0; //rouge=13 s
0x0052	0x1786      	BSF        PORTB, 7
0x0053	0x3084      	MOVLW      132
0x0054	0x00CB      	MOVWF      R11
0x0055	0x30E6      	MOVLW      230
0x0056	0x00CC      	MOVWF      R12
0x0057	0x30E2      	MOVLW      226
0x0058	0x00CD      	MOVWF      R13
L_main7:
0x0059	0x0BCD      	DECFSZ     R13, 1
0x005A	0x2859      	GOTO       L_main7
0x005B	0x0BCC      	DECFSZ     R12, 1
0x005C	0x2859      	GOTO       L_main7
0x005D	0x0BCB      	DECFSZ     R11, 1
0x005E	0x2859      	GOTO       L_main7
0x005F	0x0000      	NOP
0x0060	0x1386      	BCF        PORTB, 7
;feu_rouge.c,20 :: 		}
L_main4:
L_main3:
;feu_rouge.c,21 :: 		goto A;
0x0061	0x280B      	GOTO       ___main_A
;feu_rouge.c,25 :: 		}
L_end_main:
0x0062	0x2862      	GOTO       $+0
; end of _main
Symbol List:
//** Routines locations **
//ADDRESS    SIZE    PROCEDURE
//----------------------------------------------
0x0003       [5]    _init
0x0008      [91]    _main
//** Variables locations ** 
//ADDRESS    SIZE    VARIABLE
//----------------------------------------------
0x0000       [1]    INDF
0x0003       [1]    STATUS
0x0004       [1]    FSR
0x0005       [1]    PORTA
0x0006       [1]    PORTB
0x000A       [1]    PCLATH
0x000C       [2]    ___DoICPAddr
0x0040       [1]    R0
0x0041       [1]    R1
0x0042       [1]    R2
0x0043       [1]    R3
0x0044       [1]    R4
0x0045       [1]    R5
0x0046       [1]    R6
0x0047       [1]    R7
0x0048       [1]    R8
0x0049       [1]    R9
0x004A       [1]    R10
0x004B       [1]    R11
0x004C       [1]    R12
0x004D       [1]    R13
0x004E       [1]    R14
0x004F       [1]    R15
0x0085       [1]    TRISA
0x0086       [1]    TRISB
